[debug] [2024-11-29T00:51:11.603Z] ----------------------------------------------------------------------
[debug] [2024-11-29T00:51:11.605Z] Command:       C:\Program Files\nodejs\node.exe C:\Users\SouldSystem\AppData\Roaming\npm\node_modules\firebase-tools\lib\bin\firebase.js emulators:start
[debug] [2024-11-29T00:51:11.605Z] CLI Version:   13.27.0
[debug] [2024-11-29T00:51:11.605Z] Platform:      win32
[debug] [2024-11-29T00:51:11.606Z] Node Version:  v18.17.0
[debug] [2024-11-29T00:51:11.606Z] Time:          Thu Nov 28 2024 21:51:11 GMT-0300 (hora de verano de Chile)
[debug] [2024-11-29T00:51:11.606Z] ----------------------------------------------------------------------
[debug] 
[debug] [2024-11-29T00:51:11.703Z] > command requires scopes: ["email","openid","https://www.googleapis.com/auth/cloudplatformprojects.readonly","https://www.googleapis.com/auth/firebase","https://www.googleapis.com/auth/cloud-platform"]
[debug] [2024-11-29T00:51:11.703Z] > authorizing via signed-in user (revoltionet@gmail.com)
[info] i  emulators: Starting emulators: functions, extensions {"metadata":{"emulator":{"name":"hub"},"message":"Starting emulators: functions, extensions"}}
[debug] [2024-11-29T00:51:11.707Z] Checked if tokens are valid: false, expires at: 1732841627484
[debug] [2024-11-29T00:51:11.707Z] Checked if tokens are valid: false, expires at: 1732841627484
[debug] [2024-11-29T00:51:11.707Z] > refreshing access token with scopes: []
[debug] [2024-11-29T00:51:11.709Z] >>> [apiv2][query] POST https://www.googleapis.com/oauth2/v3/token [none]
[debug] [2024-11-29T00:51:11.709Z] >>> [apiv2][body] POST https://www.googleapis.com/oauth2/v3/token [omitted]
[debug] [2024-11-29T00:51:11.905Z] <<< [apiv2][status] POST https://www.googleapis.com/oauth2/v3/token 200
[debug] [2024-11-29T00:51:11.905Z] <<< [apiv2][body] POST https://www.googleapis.com/oauth2/v3/token [omitted]
[debug] [2024-11-29T00:51:11.911Z] >>> [apiv2][query] GET https://cloudresourcemanager.googleapis.com/v1/projects/dynamic-radar-443104-u0 [none]
[debug] [2024-11-29T00:51:12.860Z] <<< [apiv2][status] GET https://cloudresourcemanager.googleapis.com/v1/projects/dynamic-radar-443104-u0 200
[debug] [2024-11-29T00:51:12.861Z] <<< [apiv2][body] GET https://cloudresourcemanager.googleapis.com/v1/projects/dynamic-radar-443104-u0 {"projectNumber":"795920223892","projectId":"dynamic-radar-443104-u0","lifecycleState":"ACTIVE","name":"ExamenReact","labels":{"firebase":"enabled"},"createTime":"2024-11-28T04:58:26.545893Z"}
[debug] [2024-11-29T00:51:12.870Z] [logging] Logging Emulator only supports listening on one address (127.0.0.1). Not listening on ::1
[debug] [2024-11-29T00:51:12.871Z] assigned listening specs for emulators {"user":{"hub":[{"address":"127.0.0.1","family":"IPv4","port":4400},{"address":"::1","family":"IPv6","port":4400}],"ui":[{"address":"127.0.0.1","family":"IPv4","port":4000},{"address":"::1","family":"IPv6","port":4000}],"logging":[{"address":"127.0.0.1","family":"IPv4","port":4500}]},"metadata":{"message":"assigned listening specs for emulators"}}
[debug] [2024-11-29T00:51:12.876Z] [hub] writing locator at C:\Users\SOULDS~1\AppData\Local\Temp\hub-dynamic-radar-443104-u0.json
[debug] [2024-11-29T00:51:12.881Z] [Extensions] Started Extensions emulator, this is a noop.
[debug] [2024-11-29T00:51:12.885Z] [functions] Functions Emulator only supports listening on one address (127.0.0.1). Not listening on ::1
[debug] [2024-11-29T00:51:12.885Z] [eventarc] Eventarc Emulator only supports listening on one address (127.0.0.1). Not listening on ::1
[debug] [2024-11-29T00:51:12.885Z] [tasks] Cloud Tasks Emulator only supports listening on one address (127.0.0.1). Not listening on ::1
[debug] [2024-11-29T00:51:12.885Z] late-assigned ports for functions and eventarc emulators {"user":{"hub":[{"address":"127.0.0.1","family":"IPv4","port":4400},{"address":"::1","family":"IPv6","port":4400}],"ui":[{"address":"127.0.0.1","family":"IPv4","port":4000},{"address":"::1","family":"IPv6","port":4000}],"logging":[{"address":"127.0.0.1","family":"IPv4","port":4500}],"functions":[{"address":"127.0.0.1","family":"IPv4","port":5001}],"eventarc":[{"address":"127.0.0.1","family":"IPv4","port":9299}],"tasks":[{"address":"127.0.0.1","family":"IPv4","port":9499}]},"metadata":{"message":"late-assigned ports for functions and eventarc emulators"}}
[warn] !  functions: The following emulators are not running, calls to these services from the Functions emulator will affect production: apphosting, auth, firestore, database, hosting, pubsub, storage, dataconnect {"metadata":{"emulator":{"name":"functions"},"message":"The following emulators are not running, calls to these services from the Functions emulator will affect production: \u001b[1mapphosting, auth, firestore, database, hosting, pubsub, storage, dataconnect\u001b[22m"}}
[debug] [2024-11-29T00:51:12.888Z] defaultcredentials: writing to file C:\Users\SouldSystem\AppData\Roaming\firebase\revoltionet_gmail_com_application_default_credentials.json
[debug] [2024-11-29T00:51:12.891Z] Setting GAC to C:\Users\SouldSystem\AppData\Roaming\firebase\revoltionet_gmail_com_application_default_credentials.json {"metadata":{"emulator":{"name":"functions"},"message":"Setting GAC to C:\\Users\\SouldSystem\\AppData\\Roaming\\firebase\\revoltionet_gmail_com_application_default_credentials.json"}}
[debug] [2024-11-29T00:51:12.891Z] Checked if tokens are valid: true, expires at: 1732845070905
[debug] [2024-11-29T00:51:12.891Z] Checked if tokens are valid: true, expires at: 1732845070905
[debug] [2024-11-29T00:51:12.891Z] >>> [apiv2][query] GET https://firebase.googleapis.com/v1beta1/projects/dynamic-radar-443104-u0/adminSdkConfig [none]
[debug] [2024-11-29T00:51:13.234Z] <<< [apiv2][status] GET https://firebase.googleapis.com/v1beta1/projects/dynamic-radar-443104-u0/adminSdkConfig 200
[debug] [2024-11-29T00:51:13.234Z] <<< [apiv2][body] GET https://firebase.googleapis.com/v1beta1/projects/dynamic-radar-443104-u0/adminSdkConfig {"projectId":"dynamic-radar-443104-u0","databaseURL":"https://dynamic-radar-443104-u0-default-rtdb.firebaseio.com","storageBucket":"dynamic-radar-443104-u0.firebasestorage.app"}
[debug] [2024-11-29T00:51:13.265Z] [Extensions] Connecting Extensions emulator, this is a noop.
[info] i  functions: Watching "C:\Users\SouldSystem\Desktop\iplacex\2024\CuartoSemestre\Componentes\UnidadTres\Examen\ExamenProducto\gestion-productos\functions" for Cloud Functions... {"metadata":{"emulator":{"name":"functions"},"message":"Watching \"C:\\Users\\SouldSystem\\Desktop\\iplacex\\2024\\CuartoSemestre\\Componentes\\UnidadTres\\Examen\\ExamenProducto\\gestion-productos\\functions\" for Cloud Functions..."}}
[debug] [2024-11-29T00:51:13.275Z] Validating nodejs source
[debug] [2024-11-29T00:51:14.445Z] > [functions] package.json contents: {
  "name": "functions",
  "description": "Cloud Functions for Firebase",
  "scripts": {
    "serve": "firebase emulators:start --only functions",
    "shell": "firebase functions:shell",
    "start": "npm run shell",
    "deploy": "firebase deploy --only functions",
    "logs": "firebase functions:log"
  },
  "engines": {
    "node": "18"
  },
  "main": "index.js",
  "dependencies": {
    "firebase-admin": "^12.6.0",
    "firebase-functions": "^6.0.1"
  },
  "devDependencies": {
    "firebase-functions-test": "^3.1.0"
  },
  "private": true
}
[debug] [2024-11-29T00:51:14.445Z] Building nodejs source
[debug] [2024-11-29T00:51:14.445Z] Failed to find version of module node: reached end of search path C:\Users\SouldSystem\Desktop\iplacex\2024\CuartoSemestre\Componentes\UnidadTres\Examen\ExamenProducto\gestion-productos\functions\node_modules
[info] +  functions: Using node@18 from host. 
[debug] [2024-11-29T00:51:14.448Z] Could not find functions.yaml. Must use http discovery
[debug] [2024-11-29T00:51:14.458Z] Found firebase-functions binary at 'C:\Users\SouldSystem\Desktop\iplacex\2024\CuartoSemestre\Componentes\UnidadTres\Examen\ExamenProducto\gestion-productos\functions\node_modules\.bin\firebase-functions'
[info] Serving at port 8565

[debug] [2024-11-29T00:51:14.827Z] Got response from /__/functions.yaml {"endpoints":{"deleteProducto":{"availableMemoryMb":null,"timeoutSeconds":null,"minInstances":null,"maxInstances":null,"ingressSettings":null,"concurrency":null,"serviceAccountEmail":null,"vpc":null,"platform":"gcfv2","labels":{},"httpsTrigger":{},"entryPoint":"deleteProducto"}},"specVersion":"v1alpha1","requiredAPIs":[],"extensions":{}}
[debug] [2024-11-29T00:51:14.853Z] defaultcredentials: writing to file C:\Users\SouldSystem\AppData\Roaming\firebase\revoltionet_gmail_com_application_default_credentials.json
[debug] [2024-11-29T00:51:14.854Z] Setting GAC to C:\Users\SouldSystem\AppData\Roaming\firebase\revoltionet_gmail_com_application_default_credentials.json {"metadata":{"emulator":{"name":"functions"},"message":"Setting GAC to C:\\Users\\SouldSystem\\AppData\\Roaming\\firebase\\revoltionet_gmail_com_application_default_credentials.json"}}
[info] +  functions: Loaded functions definitions from source: deleteProducto. {"metadata":{"emulator":{"name":"functions"},"message":"Loaded functions definitions from source: deleteProducto."}}
[info] +  functions[us-central1-deleteProducto]: http function initialized (http://127.0.0.1:5001/dynamic-radar-443104-u0/us-central1/deleteProducto). {"metadata":{"emulator":{"name":"functions"},"message":"\u001b[1mhttp\u001b[22m function initialized (http://127.0.0.1:5001/dynamic-radar-443104-u0/us-central1/deleteProducto)."}}
[debug] [2024-11-29T00:51:14.860Z] Could not find VSCode notification endpoint: FetchError: request to http://localhost:40001/vscode/notify failed, reason: connect ECONNREFUSED ::1:40001. If you are not running the Firebase Data Connect VSCode extension, this is expected and not an issue.
[info] 
┌─────────────────────────────────────────────────────────────┐
│ ✔  All emulators ready! It is now safe to connect your app. │
│ i  View Emulator UI at http://127.0.0.1:4000/               │
└─────────────────────────────────────────────────────────────┘

┌────────────┬────────────────┬──────────────────────────────────┐
│ Emulator   │ Host:Port      │ View in Emulator UI              │
├────────────┼────────────────┼──────────────────────────────────┤
│ Functions  │ 127.0.0.1:5001 │ http://127.0.0.1:4000/functions  │
├────────────┼────────────────┼──────────────────────────────────┤
│ Extensions │ 127.0.0.1:5001 │ http://127.0.0.1:4000/extensions │
└────────────┴────────────────┴──────────────────────────────────┘
  Emulator Hub running at 127.0.0.1:4400
  Other reserved ports: 4500
┌─────────────────────────┬───────────────┬─────────────────────┐
│ Extension Instance Name │ Extension Ref │ View in Emulator UI │
└─────────────────────────┴───────────────┴─────────────────────┘
Issues? Report them at https://github.com/firebase/firebase-tools/issues and attach the *-debug.log files.
 
[debug] [2024-11-29T01:24:28.514Z] [work-queue] {"queuedWork":["/dynamic-radar-443104-u0/us-central1/deleteProducto-2024-11-29T01:24:28.513Z"],"queueLength":1,"runningWork":[],"workRunningCount":0}
[debug] [2024-11-29T01:24:28.514Z] [work-queue] {"queuedWork":[],"queueLength":0,"runningWork":["/dynamic-radar-443104-u0/us-central1/deleteProducto-2024-11-29T01:24:28.513Z"],"workRunningCount":1}
[debug] [2024-11-29T01:24:28.514Z] Accepted request OPTIONS /dynamic-radar-443104-u0/us-central1/deleteProducto --> us-central1-deleteProducto
[debug] [2024-11-29T01:24:28.519Z] [functions] Runtime ready! Sending request! {"metadata":{"emulator":{"name":"functions"},"message":"[functions] Runtime ready! Sending request!"}}
[debug] [2024-11-29T01:24:28.520Z] [functions] Got req.url=/dynamic-radar-443104-u0/us-central1/deleteProducto, mapping to path=/ {"metadata":{"emulator":{"name":"functions"},"message":"[functions] Got req.url=/dynamic-radar-443104-u0/us-central1/deleteProducto, mapping to path=/"}}
[debug] [2024-11-29T01:24:28.527Z] [worker-pool] addWorker(us-central1-deleteProducto) {"metadata":{"emulator":{"name":"functions"},"message":"[worker-pool] addWorker(us-central1-deleteProducto)"}}
[debug] [2024-11-29T01:24:28.527Z] [worker-pool] Adding worker with key us-central1-deleteProducto, total=1 {"metadata":{"emulator":{"name":"functions"},"message":"[worker-pool] Adding worker with key us-central1-deleteProducto, total=1"}}
[debug] [2024-11-29T01:24:30.624Z] [runtime-status] [56632] Resolved module firebase-admin {"declared":true,"installed":true,"version":"12.7.0","resolution":"C:\\Users\\SouldSystem\\Desktop\\iplacex\\2024\\CuartoSemestre\\Componentes\\UnidadTres\\Examen\\ExamenProducto\\gestion-productos\\functions\\node_modules\\firebase-admin\\lib\\index.js"} {"metadata":{"emulator":{"name":"functions"},"function":{"name":"us-central1-deleteProducto"},"extension":{},"message":"[runtime-status] [56632] Resolved module firebase-admin {\"declared\":true,\"installed\":true,\"version\":\"12.7.0\",\"resolution\":\"C:\\\\Users\\\\SouldSystem\\\\Desktop\\\\iplacex\\\\2024\\\\CuartoSemestre\\\\Componentes\\\\UnidadTres\\\\Examen\\\\ExamenProducto\\\\gestion-productos\\\\functions\\\\node_modules\\\\firebase-admin\\\\lib\\\\index.js\"}"}}
[debug] [2024-11-29T01:24:30.625Z] [runtime-status] [56632] Resolved module firebase-functions {"declared":true,"installed":true,"version":"6.1.1","resolution":"C:\\Users\\SouldSystem\\Desktop\\iplacex\\2024\\CuartoSemestre\\Componentes\\UnidadTres\\Examen\\ExamenProducto\\gestion-productos\\functions\\node_modules\\firebase-functions\\lib\\v2\\index.js"} {"metadata":{"emulator":{"name":"functions"},"function":{"name":"us-central1-deleteProducto"},"extension":{},"message":"[runtime-status] [56632] Resolved module firebase-functions {\"declared\":true,\"installed\":true,\"version\":\"6.1.1\",\"resolution\":\"C:\\\\Users\\\\SouldSystem\\\\Desktop\\\\iplacex\\\\2024\\\\CuartoSemestre\\\\Componentes\\\\UnidadTres\\\\Examen\\\\ExamenProducto\\\\gestion-productos\\\\functions\\\\node_modules\\\\firebase-functions\\\\lib\\\\v2\\\\index.js\"}"}}
[debug] [2024-11-29T01:24:30.626Z] [runtime-status] [56632] Outgoing network have been stubbed. [{"name":"http","status":"mocked"},{"name":"http","status":"mocked"},{"name":"https","status":"mocked"},{"name":"https","status":"mocked"},{"name":"net","status":"mocked"}] {"metadata":{"emulator":{"name":"functions"},"function":{"name":"us-central1-deleteProducto"},"extension":{},"message":"[runtime-status] [56632] Outgoing network have been stubbed. [{\"name\":\"http\",\"status\":\"mocked\"},{\"name\":\"http\",\"status\":\"mocked\"},{\"name\":\"https\",\"status\":\"mocked\"},{\"name\":\"https\",\"status\":\"mocked\"},{\"name\":\"net\",\"status\":\"mocked\"}]"}}
[debug] [2024-11-29T01:24:30.626Z] [runtime-status] [56632] Resolved module firebase-functions {"declared":true,"installed":true,"version":"6.1.1","resolution":"C:\\Users\\SouldSystem\\Desktop\\iplacex\\2024\\CuartoSemestre\\Componentes\\UnidadTres\\Examen\\ExamenProducto\\gestion-productos\\functions\\node_modules\\firebase-functions\\lib\\v2\\index.js"} {"metadata":{"emulator":{"name":"functions"},"function":{"name":"us-central1-deleteProducto"},"extension":{},"message":"[runtime-status] [56632] Resolved module firebase-functions {\"declared\":true,\"installed\":true,\"version\":\"6.1.1\",\"resolution\":\"C:\\\\Users\\\\SouldSystem\\\\Desktop\\\\iplacex\\\\2024\\\\CuartoSemestre\\\\Componentes\\\\UnidadTres\\\\Examen\\\\ExamenProducto\\\\gestion-productos\\\\functions\\\\node_modules\\\\firebase-functions\\\\lib\\\\v2\\\\index.js\"}"}}
[debug] [2024-11-29T01:24:31.141Z] [runtime-status] [56632] Checked functions.config() {"config":{}} {"metadata":{"emulator":{"name":"functions"},"function":{"name":"us-central1-deleteProducto"},"extension":{},"message":"[runtime-status] [56632] Checked functions.config() {\"config\":{}}"}}
[debug] [2024-11-29T01:24:31.141Z] [runtime-status] [56632] firebase-functions has been stubbed. {"functionsResolution":{"declared":true,"installed":true,"version":"6.1.1","resolution":"C:\\Users\\SouldSystem\\Desktop\\iplacex\\2024\\CuartoSemestre\\Componentes\\UnidadTres\\Examen\\ExamenProducto\\gestion-productos\\functions\\node_modules\\firebase-functions\\lib\\v2\\index.js"}} {"metadata":{"emulator":{"name":"functions"},"function":{"name":"us-central1-deleteProducto"},"extension":{},"message":"[runtime-status] [56632] firebase-functions has been stubbed. {\"functionsResolution\":{\"declared\":true,\"installed\":true,\"version\":\"6.1.1\",\"resolution\":\"C:\\\\Users\\\\SouldSystem\\\\Desktop\\\\iplacex\\\\2024\\\\CuartoSemestre\\\\Componentes\\\\UnidadTres\\\\Examen\\\\ExamenProducto\\\\gestion-productos\\\\functions\\\\node_modules\\\\firebase-functions\\\\lib\\\\v2\\\\index.js\"}}"}}
[debug] [2024-11-29T01:24:31.142Z] [runtime-status] [56632] Resolved module firebase-functions {"declared":true,"installed":true,"version":"6.1.1","resolution":"C:\\Users\\SouldSystem\\Desktop\\iplacex\\2024\\CuartoSemestre\\Componentes\\UnidadTres\\Examen\\ExamenProducto\\gestion-productos\\functions\\node_modules\\firebase-functions\\lib\\v2\\index.js"} {"metadata":{"emulator":{"name":"functions"},"function":{"name":"us-central1-deleteProducto"},"extension":{},"message":"[runtime-status] [56632] Resolved module firebase-functions {\"declared\":true,\"installed\":true,\"version\":\"6.1.1\",\"resolution\":\"C:\\\\Users\\\\SouldSystem\\\\Desktop\\\\iplacex\\\\2024\\\\CuartoSemestre\\\\Componentes\\\\UnidadTres\\\\Examen\\\\ExamenProducto\\\\gestion-productos\\\\functions\\\\node_modules\\\\firebase-functions\\\\lib\\\\v2\\\\index.js\"}"}}
[debug] [2024-11-29T01:24:31.147Z] [runtime-status] [56632] Resolved module firebase-admin {"declared":true,"installed":true,"version":"12.7.0","resolution":"C:\\Users\\SouldSystem\\Desktop\\iplacex\\2024\\CuartoSemestre\\Componentes\\UnidadTres\\Examen\\ExamenProducto\\gestion-productos\\functions\\node_modules\\firebase-admin\\lib\\index.js"} {"metadata":{"emulator":{"name":"functions"},"function":{"name":"us-central1-deleteProducto"},"extension":{},"message":"[runtime-status] [56632] Resolved module firebase-admin {\"declared\":true,\"installed\":true,\"version\":\"12.7.0\",\"resolution\":\"C:\\\\Users\\\\SouldSystem\\\\Desktop\\\\iplacex\\\\2024\\\\CuartoSemestre\\\\Componentes\\\\UnidadTres\\\\Examen\\\\ExamenProducto\\\\gestion-productos\\\\functions\\\\node_modules\\\\firebase-admin\\\\lib\\\\index.js\"}"}}
[debug] [2024-11-29T01:24:31.150Z] [runtime-status] [56632] Resolved module firebase-functions {"declared":true,"installed":true,"version":"6.1.1","resolution":"C:\\Users\\SouldSystem\\Desktop\\iplacex\\2024\\CuartoSemestre\\Componentes\\UnidadTres\\Examen\\ExamenProducto\\gestion-productos\\functions\\node_modules\\firebase-functions\\lib\\v2\\index.js"} {"metadata":{"emulator":{"name":"functions"},"function":{"name":"us-central1-deleteProducto"},"extension":{},"message":"[runtime-status] [56632] Resolved module firebase-functions {\"declared\":true,\"installed\":true,\"version\":\"6.1.1\",\"resolution\":\"C:\\\\Users\\\\SouldSystem\\\\Desktop\\\\iplacex\\\\2024\\\\CuartoSemestre\\\\Componentes\\\\UnidadTres\\\\Examen\\\\ExamenProducto\\\\gestion-productos\\\\functions\\\\node_modules\\\\firebase-functions\\\\lib\\\\v2\\\\index.js\"}"}}
[debug] [2024-11-29T01:24:31.150Z] [runtime-status] [56632] firebase-admin has been stubbed. {"adminResolution":{"declared":true,"installed":true,"version":"12.7.0","resolution":"C:\\Users\\SouldSystem\\Desktop\\iplacex\\2024\\CuartoSemestre\\Componentes\\UnidadTres\\Examen\\ExamenProducto\\gestion-productos\\functions\\node_modules\\firebase-admin\\lib\\index.js"}} {"metadata":{"emulator":{"name":"functions"},"function":{"name":"us-central1-deleteProducto"},"extension":{},"message":"[runtime-status] [56632] firebase-admin has been stubbed. {\"adminResolution\":{\"declared\":true,\"installed\":true,\"version\":\"12.7.0\",\"resolution\":\"C:\\\\Users\\\\SouldSystem\\\\Desktop\\\\iplacex\\\\2024\\\\CuartoSemestre\\\\Componentes\\\\UnidadTres\\\\Examen\\\\ExamenProducto\\\\gestion-productos\\\\functions\\\\node_modules\\\\firebase-admin\\\\lib\\\\index.js\"}}"}}
[debug] [2024-11-29T01:24:31.153Z] [runtime-status] [56632] initializeApp(DEFAULT) {"storageBucket":"dynamic-radar-443104-u0.firebasestorage.app","databaseURL":"https://dynamic-radar-443104-u0-default-rtdb.firebaseio.com","projectId":"dynamic-radar-443104-u0"} {"metadata":{"emulator":{"name":"functions"},"function":{"name":"us-central1-deleteProducto"},"extension":{},"message":"[runtime-status] [56632] initializeApp(DEFAULT) {\"storageBucket\":\"dynamic-radar-443104-u0.firebasestorage.app\",\"databaseURL\":\"https://dynamic-radar-443104-u0-default-rtdb.firebaseio.com\",\"projectId\":\"dynamic-radar-443104-u0\"}"}}
[debug] [2024-11-29T01:24:31.158Z] [runtime-status] [56632] Functions runtime initialized. {"cwd":"C:\\Users\\SouldSystem\\Desktop\\iplacex\\2024\\CuartoSemestre\\Componentes\\UnidadTres\\Examen\\ExamenProducto\\gestion-productos\\functions","node_version":"18.17.0"} {"metadata":{"emulator":{"name":"functions"},"function":{"name":"us-central1-deleteProducto"},"extension":{},"message":"[runtime-status] [56632] Functions runtime initialized. {\"cwd\":\"C:\\\\Users\\\\SouldSystem\\\\Desktop\\\\iplacex\\\\2024\\\\CuartoSemestre\\\\Componentes\\\\UnidadTres\\\\Examen\\\\ExamenProducto\\\\gestion-productos\\\\functions\",\"node_version\":\"18.17.0\"}"}}
[debug] [2024-11-29T01:24:31.158Z] [runtime-status] [56632] Listening to port: \\?\pipe\fire_emu_2a426029d1170857 {"metadata":{"emulator":{"name":"functions"},"function":{"name":"us-central1-deleteProducto"},"extension":{},"message":"[runtime-status] [56632] Listening to port: \\\\?\\pipe\\fire_emu_2a426029d1170857"}}
[debug] [2024-11-29T01:24:31.270Z] [worker-us-central1-deleteProducto-d5705169-3bcd-4ab3-8380-8135c4ba59f1]: IDLE {"metadata":{"emulator":{"name":"functions"},"function":{"name":"us-central1-deleteProducto"},"extension":{},"message":"[worker-us-central1-deleteProducto-d5705169-3bcd-4ab3-8380-8135c4ba59f1]: IDLE"}}
[debug] [2024-11-29T01:24:31.270Z] [worker-pool] submitRequest(triggerId=us-central1-deleteProducto) {"metadata":{"emulator":{"name":"functions"},"message":"[worker-pool] submitRequest(triggerId=us-central1-deleteProducto)"}}
[info] i  functions: Beginning execution of "us-central1-deleteProducto" {"metadata":{"emulator":{"name":"functions"},"function":{"name":"us-central1-deleteProducto"},"extension":{},"message":"Beginning execution of \"us-central1-deleteProducto\""}}
[debug] [2024-11-29T01:24:31.271Z] [worker-us-central1-deleteProducto-d5705169-3bcd-4ab3-8380-8135c4ba59f1]: BUSY {"metadata":{"emulator":{"name":"functions"},"function":{"name":"us-central1-deleteProducto"},"extension":{},"message":"[worker-us-central1-deleteProducto-d5705169-3bcd-4ab3-8380-8135c4ba59f1]: BUSY"}}
[debug] [2024-11-29T01:24:31.274Z] Finishing up request with event=pause {"metadata":{"emulator":{"name":"functions"},"function":{"name":"us-central1-deleteProducto"},"extension":{},"message":"Finishing up request with event=pause"}}
[info] i  functions: Finished "us-central1-deleteProducto" in 3.7467ms {"metadata":{"emulator":{"name":"functions"},"function":{"name":"us-central1-deleteProducto"},"extension":{},"message":"Finished \"us-central1-deleteProducto\" in 3.7467ms"}}
[debug] [2024-11-29T01:24:31.275Z] [worker-us-central1-deleteProducto-d5705169-3bcd-4ab3-8380-8135c4ba59f1]: IDLE {"metadata":{"emulator":{"name":"functions"},"function":{"name":"us-central1-deleteProducto"},"extension":{},"message":"[worker-us-central1-deleteProducto-d5705169-3bcd-4ab3-8380-8135c4ba59f1]: IDLE"}}
[debug] [2024-11-29T01:24:31.275Z] Finishing up request with event=finish {"metadata":{"emulator":{"name":"functions"},"function":{"name":"us-central1-deleteProducto"},"extension":{},"message":"Finishing up request with event=finish"}}
[debug] [2024-11-29T01:24:31.275Z] Finishing up request with event=close {"metadata":{"emulator":{"name":"functions"},"function":{"name":"us-central1-deleteProducto"},"extension":{},"message":"Finishing up request with event=close"}}
[debug] [2024-11-29T01:24:31.275Z] [work-queue] {"queuedWork":[],"queueLength":0,"runningWork":[],"workRunningCount":0}
[debug] [2024-11-29T01:24:31.276Z] [work-queue] {"queuedWork":["/dynamic-radar-443104-u0/us-central1/deleteProducto-2024-11-29T01:24:31.276Z"],"queueLength":1,"runningWork":[],"workRunningCount":0}
[debug] [2024-11-29T01:24:31.276Z] [work-queue] {"queuedWork":[],"queueLength":0,"runningWork":["/dynamic-radar-443104-u0/us-central1/deleteProducto-2024-11-29T01:24:31.276Z"],"workRunningCount":1}
[debug] [2024-11-29T01:24:31.276Z] Accepted request POST /dynamic-radar-443104-u0/us-central1/deleteProducto --> us-central1-deleteProducto
[debug] [2024-11-29T01:24:31.277Z] [functions] Runtime ready! Sending request! {"metadata":{"emulator":{"name":"functions"},"message":"[functions] Runtime ready! Sending request!"}}
[debug] [2024-11-29T01:24:31.277Z] [functions] Got req.url=/dynamic-radar-443104-u0/us-central1/deleteProducto, mapping to path=/ {"metadata":{"emulator":{"name":"functions"},"message":"[functions] Got req.url=/dynamic-radar-443104-u0/us-central1/deleteProducto, mapping to path=/"}}
[debug] [2024-11-29T01:24:31.277Z] [worker-pool] submitRequest(triggerId=us-central1-deleteProducto) {"metadata":{"emulator":{"name":"functions"},"message":"[worker-pool] submitRequest(triggerId=us-central1-deleteProducto)"}}
[info] i  functions: Beginning execution of "us-central1-deleteProducto" {"metadata":{"emulator":{"name":"functions"},"function":{"name":"us-central1-deleteProducto"},"extension":{},"message":"Beginning execution of \"us-central1-deleteProducto\""}}
[debug] [2024-11-29T01:24:31.278Z] [worker-us-central1-deleteProducto-d5705169-3bcd-4ab3-8380-8135c4ba59f1]: BUSY {"metadata":{"emulator":{"name":"functions"},"function":{"name":"us-central1-deleteProducto"},"extension":{},"message":"[worker-us-central1-deleteProducto-d5705169-3bcd-4ab3-8380-8135c4ba59f1]: BUSY"}}
[warn] !  functions: The Cloud Firestore emulator is not running, so calls to Firestore will affect production. {"metadata":{"emulator":{"name":"functions"},"function":{"name":"us-central1-deleteProducto"},"extension":{},"message":"The Cloud Firestore emulator is not running, so calls to Firestore will affect production."}}
[warn] !  Google API requested!
   - URL: "https://oauth2.googleapis.com/token"
   - Be careful, this may be a production service. {"metadata":{"emulator":{"name":"functions"},"function":{"name":"us-central1-deleteProducto"},"extension":{},"message":"Google API requested!\n   - URL: \"https://oauth2.googleapis.com/token\"\n   - Be careful, this may be a production service."}}
[debug] [2024-11-29T01:24:32.761Z] Finishing up request with event=pause {"metadata":{"emulator":{"name":"functions"},"function":{"name":"us-central1-deleteProducto"},"extension":{},"message":"Finishing up request with event=pause"}}
[info] i  functions: Finished "us-central1-deleteProducto" in 1483.845ms {"metadata":{"emulator":{"name":"functions"},"function":{"name":"us-central1-deleteProducto"},"extension":{},"message":"Finished \"us-central1-deleteProducto\" in 1483.845ms"}}
[debug] [2024-11-29T01:24:32.762Z] [worker-us-central1-deleteProducto-d5705169-3bcd-4ab3-8380-8135c4ba59f1]: IDLE {"metadata":{"emulator":{"name":"functions"},"function":{"name":"us-central1-deleteProducto"},"extension":{},"message":"[worker-us-central1-deleteProducto-d5705169-3bcd-4ab3-8380-8135c4ba59f1]: IDLE"}}
[debug] [2024-11-29T01:24:32.762Z] Finishing up request with event=finish {"metadata":{"emulator":{"name":"functions"},"function":{"name":"us-central1-deleteProducto"},"extension":{},"message":"Finishing up request with event=finish"}}
[debug] [2024-11-29T01:24:32.762Z] Finishing up request with event=close {"metadata":{"emulator":{"name":"functions"},"function":{"name":"us-central1-deleteProducto"},"extension":{},"message":"Finishing up request with event=close"}}
[debug] [2024-11-29T01:24:32.762Z] [work-queue] {"queuedWork":[],"queueLength":0,"runningWork":[],"workRunningCount":0}
